{"C:\\Code\\Webdev\\FRONT\\Games\\Tetris\\src\\config\\prod.js": {"path":"C:\\Code\\Webdev\\FRONT\\Games\\Tetris\\src\\config\\prod.js","statementMap":{},"fnMap":{},"branchMap":{},"s":{},"f":{},"b":{},"_coverageSchema":"1a1c01bbd47fc00a2c39e90264f33305004495a9","hash":"c7fa5758a77968528658743fa1e57083fb093906"}
,"C:\\Code\\Webdev\\FRONT\\Games\\Tetris\\src\\js\\Logic\\Logic.js": {"path":"C:\\Code\\Webdev\\FRONT\\Games\\Tetris\\src\\js\\Logic\\Logic.js","statementMap":{"0":{"start":{"line":7,"column":19},"end":{"line":9,"column":3}},"1":{"start":{"line":8,"column":4},"end":{"line":8,"column":24}},"2":{"start":{"line":11,"column":23},"end":{"line":13,"column":3}},"3":{"start":{"line":12,"column":4},"end":{"line":12,"column":36}},"4":{"start":{"line":15,"column":20},"end":{"line":19,"column":3}},"5":{"start":{"line":16,"column":4},"end":{"line":18,"column":6}},"6":{"start":{"line":17,"column":6},"end":{"line":17,"column":50}},"7":{"start":{"line":22,"column":16},"end":{"line":24,"column":6}},"8":{"start":{"line":23,"column":6},"end":{"line":23,"column":23}},"9":{"start":{"line":26,"column":4},"end":{"line":28,"column":5}},"10":{"start":{"line":27,"column":6},"end":{"line":27,"column":18}},"11":{"start":{"line":30,"column":4},"end":{"line":33,"column":5}},"12":{"start":{"line":31,"column":6},"end":{"line":31,"column":28}},"13":{"start":{"line":32,"column":6},"end":{"line":32,"column":26}},"14":{"start":{"line":37,"column":20},"end":{"line":37,"column":21}},"15":{"start":{"line":38,"column":22},"end":{"line":38,"column":57}},"16":{"start":{"line":39,"column":4},"end":{"line":42,"column":7}},"17":{"start":{"line":47,"column":4},"end":{"line":53,"column":5}},"18":{"start":{"line":47,"column":26},"end":{"line":47,"column":53}},"19":{"start":{"line":48,"column":6},"end":{"line":49,"column":16}},"20":{"start":{"line":48,"column":19},"end":{"line":48,"column":20}},"21":{"start":{"line":49,"column":8},"end":{"line":49,"column":16}},"22":{"start":{"line":51,"column":6},"end":{"line":51,"column":25}},"23":{"start":{"line":52,"column":6},"end":{"line":52,"column":15}},"24":{"start":{"line":55,"column":4},"end":{"line":60,"column":5}},"25":{"start":{"line":55,"column":25},"end":{"line":55,"column":61}},"26":{"start":{"line":56,"column":6},"end":{"line":57,"column":16}},"27":{"start":{"line":56,"column":19},"end":{"line":56,"column":20}},"28":{"start":{"line":57,"column":8},"end":{"line":57,"column":16}},"29":{"start":{"line":58,"column":6},"end":{"line":58,"column":25}},"30":{"start":{"line":59,"column":6},"end":{"line":59,"column":15}},"31":{"start":{"line":61,"column":4},"end":{"line":61,"column":12}},"32":{"start":{"line":65,"column":4},"end":{"line":65,"column":25}},"33":{"start":{"line":65,"column":19},"end":{"line":65,"column":25}},"34":{"start":{"line":66,"column":4},"end":{"line":76,"column":5}},"35":{"start":{"line":68,"column":6},"end":{"line":70,"column":18}},"36":{"start":{"line":68,"column":28},"end":{"line":68,"column":40}},"37":{"start":{"line":69,"column":8},"end":{"line":70,"column":18}},"38":{"start":{"line":69,"column":21},"end":{"line":69,"column":22}},"39":{"start":{"line":70,"column":10},"end":{"line":70,"column":18}},"40":{"start":{"line":71,"column":6},"end":{"line":75,"column":7}},"41":{"start":{"line":71,"column":27},"end":{"line":71,"column":63}},"42":{"start":{"line":72,"column":8},"end":{"line":72,"column":38}},"43":{"start":{"line":73,"column":8},"end":{"line":74,"column":18}},"44":{"start":{"line":73,"column":21},"end":{"line":73,"column":22}},"45":{"start":{"line":74,"column":10},"end":{"line":74,"column":18}},"46":{"start":{"line":77,"column":4},"end":{"line":88,"column":5}},"47":{"start":{"line":79,"column":6},"end":{"line":82,"column":7}},"48":{"start":{"line":79,"column":28},"end":{"line":79,"column":58}},"49":{"start":{"line":80,"column":8},"end":{"line":81,"column":18}},"50":{"start":{"line":80,"column":21},"end":{"line":80,"column":22}},"51":{"start":{"line":81,"column":10},"end":{"line":81,"column":18}},"52":{"start":{"line":83,"column":6},"end":{"line":87,"column":7}},"53":{"start":{"line":83,"column":27},"end":{"line":83,"column":63}},"54":{"start":{"line":84,"column":8},"end":{"line":84,"column":38}},"55":{"start":{"line":85,"column":8},"end":{"line":86,"column":18}},"56":{"start":{"line":85,"column":21},"end":{"line":85,"column":22}},"57":{"start":{"line":86,"column":10},"end":{"line":86,"column":18}},"58":{"start":{"line":89,"column":4},"end":{"line":91,"column":5}},"59":{"start":{"line":90,"column":6},"end":{"line":90,"column":31}},"60":{"start":{"line":93,"column":4},"end":{"line":95,"column":5}},"61":{"start":{"line":94,"column":6},"end":{"line":94,"column":33}},"62":{"start":{"line":97,"column":4},"end":{"line":97,"column":12}},"63":{"start":{"line":102,"column":9},"end":{"line":104,"column":25}},"64":{"start":{"line":106,"column":4},"end":{"line":106,"column":17}},"65":{"start":{"line":111,"column":4},"end":{"line":111,"column":29}},"66":{"start":{"line":111,"column":21},"end":{"line":111,"column":29}},"67":{"start":{"line":113,"column":4},"end":{"line":127,"column":5}},"68":{"start":{"line":114,"column":6},"end":{"line":114,"column":43}},"69":{"start":{"line":115,"column":6},"end":{"line":124,"column":7}},"70":{"start":{"line":116,"column":8},"end":{"line":116,"column":41}},"71":{"start":{"line":117,"column":8},"end":{"line":117,"column":16}},"72":{"start":{"line":119,"column":8},"end":{"line":123,"column":9}},"73":{"start":{"line":119,"column":21},"end":{"line":119,"column":22}},"74":{"start":{"line":120,"column":10},"end":{"line":120,"column":31}},"75":{"start":{"line":120,"column":23},"end":{"line":120,"column":31}},"76":{"start":{"line":121,"column":10},"end":{"line":121,"column":38}},"77":{"start":{"line":122,"column":10},"end":{"line":122,"column":38}},"78":{"start":{"line":126,"column":6},"end":{"line":126,"column":39}},"79":{"start":{"line":128,"column":4},"end":{"line":128,"column":12}},"80":{"start":{"line":132,"column":19},"end":{"line":135,"column":5}},"81":{"start":{"line":136,"column":25},"end":{"line":136,"column":103}},"82":{"start":{"line":137,"column":4},"end":{"line":162,"column":5}},"83":{"start":{"line":137,"column":17},"end":{"line":137,"column":18}},"84":{"start":{"line":138,"column":6},"end":{"line":138,"column":27}},"85":{"start":{"line":138,"column":19},"end":{"line":138,"column":27}},"86":{"start":{"line":139,"column":18},"end":{"line":139,"column":35}},"87":{"start":{"line":140,"column":18},"end":{"line":140,"column":35}},"88":{"start":{"line":141,"column":24},"end":{"line":141,"column":47}},"89":{"start":{"line":142,"column":24},"end":{"line":142,"column":47}},"90":{"start":{"line":143,"column":6},"end":{"line":161,"column":7}},"91":{"start":{"line":144,"column":8},"end":{"line":144,"column":99}},"92":{"start":{"line":145,"column":8},"end":{"line":145,"column":38}},"93":{"start":{"line":146,"column":13},"end":{"line":161,"column":7}},"94":{"start":{"line":147,"column":8},"end":{"line":147,"column":38}},"95":{"start":{"line":148,"column":8},"end":{"line":148,"column":99}},"96":{"start":{"line":149,"column":13},"end":{"line":161,"column":7}},"97":{"start":{"line":150,"column":8},"end":{"line":150,"column":56}},"98":{"start":{"line":151,"column":8},"end":{"line":151,"column":56}},"99":{"start":{"line":152,"column":13},"end":{"line":161,"column":7}},"100":{"start":{"line":153,"column":8},"end":{"line":153,"column":56}},"101":{"start":{"line":154,"column":8},"end":{"line":154,"column":56}},"102":{"start":{"line":155,"column":13},"end":{"line":161,"column":7}},"103":{"start":{"line":156,"column":8},"end":{"line":156,"column":56}},"104":{"start":{"line":157,"column":8},"end":{"line":157,"column":56}},"105":{"start":{"line":158,"column":13},"end":{"line":161,"column":7}},"106":{"start":{"line":159,"column":8},"end":{"line":159,"column":56}},"107":{"start":{"line":160,"column":8},"end":{"line":160,"column":56}},"108":{"start":{"line":163,"column":4},"end":{"line":163,"column":25}},"109":{"start":{"line":167,"column":4},"end":{"line":173,"column":5}},"110":{"start":{"line":168,"column":19},"end":{"line":172,"column":45}},"111":{"start":{"line":177,"column":24},"end":{"line":177,"column":26}},"112":{"start":{"line":178,"column":4},"end":{"line":187,"column":5}},"113":{"start":{"line":178,"column":17},"end":{"line":178,"column":33}},"114":{"start":{"line":179,"column":22},"end":{"line":179,"column":26}},"115":{"start":{"line":180,"column":6},"end":{"line":183,"column":7}},"116":{"start":{"line":180,"column":19},"end":{"line":180,"column":20}},"117":{"start":{"line":181,"column":8},"end":{"line":182,"column":27}},"118":{"start":{"line":182,"column":10},"end":{"line":182,"column":27}},"119":{"start":{"line":184,"column":6},"end":{"line":186,"column":7}},"120":{"start":{"line":185,"column":8},"end":{"line":185,"column":29}},"121":{"start":{"line":188,"column":4},"end":{"line":189,"column":39}},"122":{"start":{"line":189,"column":6},"end":{"line":189,"column":39}},"123":{"start":{"line":190,"column":26},"end":{"line":190,"column":46}},"124":{"start":{"line":191,"column":4},"end":{"line":191,"column":26}},"125":{"start":{"line":195,"column":16},"end":{"line":195,"column":70}},"126":{"start":{"line":195,"column":53},"end":{"line":195,"column":69}},"127":{"start":{"line":196,"column":4},"end":{"line":196,"column":29}},"128":{"start":{"line":200,"column":4},"end":{"line":204,"column":9}},"129":{"start":{"line":208,"column":4},"end":{"line":211,"column":5}},"130":{"start":{"line":209,"column":6},"end":{"line":209,"column":40}},"131":{"start":{"line":210,"column":6},"end":{"line":210,"column":13}},"132":{"start":{"line":212,"column":4},"end":{"line":212,"column":35}},"133":{"start":{"line":216,"column":12},"end":{"line":216,"column":27}},"134":{"start":{"line":217,"column":4},"end":{"line":221,"column":5}},"135":{"start":{"line":218,"column":6},"end":{"line":218,"column":30}},"136":{"start":{"line":219,"column":6},"end":{"line":219,"column":23}},"137":{"start":{"line":220,"column":6},"end":{"line":220,"column":9}},"138":{"start":{"line":225,"column":4},"end":{"line":229,"column":6}},"139":{"start":{"line":226,"column":6},"end":{"line":228,"column":8}},"140":{"start":{"line":227,"column":8},"end":{"line":227,"column":31}},"141":{"start":{"line":233,"column":4},"end":{"line":247,"column":6}},"142":{"start":{"line":234,"column":6},"end":{"line":246,"column":7}},"143":{"start":{"line":235,"column":8},"end":{"line":237,"column":10}},"144":{"start":{"line":236,"column":10},"end":{"line":236,"column":33}},"145":{"start":{"line":239,"column":8},"end":{"line":245,"column":10}},"146":{"start":{"line":240,"column":10},"end":{"line":244,"column":11}},"147":{"start":{"line":241,"column":12},"end":{"line":241,"column":41}},"148":{"start":{"line":243,"column":12},"end":{"line":243,"column":35}},"149":{"start":{"line":251,"column":4},"end":{"line":251,"column":43}},"150":{"start":{"line":252,"column":4},"end":{"line":252,"column":30}},"151":{"start":{"line":256,"column":4},"end":{"line":256,"column":33}},"152":{"start":{"line":261,"column":2},"end":{"line":279,"column":3}}},"fnMap":{"0":{"name":"(anonymous_0)","decl":{"start":{"line":6,"column":16},"end":{"line":6,"column":17}},"loc":{"start":{"line":6,"column":27},"end":{"line":282,"column":1}},"line":6},"1":{"name":"(anonymous_1)","decl":{"start":{"line":7,"column":19},"end":{"line":7,"column":20}},"loc":{"start":{"line":7,"column":25},"end":{"line":9,"column":3}},"line":7},"2":{"name":"(anonymous_2)","decl":{"start":{"line":11,"column":23},"end":{"line":11,"column":24}},"loc":{"start":{"line":11,"column":29},"end":{"line":13,"column":3}},"line":11},"3":{"name":"(anonymous_3)","decl":{"start":{"line":15,"column":20},"end":{"line":15,"column":21}},"loc":{"start":{"line":15,"column":34},"end":{"line":19,"column":3}},"line":15},"4":{"name":"(anonymous_4)","decl":{"start":{"line":16,"column":12},"end":{"line":16,"column":13}},"loc":{"start":{"line":16,"column":19},"end":{"line":18,"column":5}},"line":16},"5":{"name":"PieceStack","decl":{"start":{"line":21,"column":11},"end":{"line":21,"column":21}},"loc":{"start":{"line":21,"column":24},"end":{"line":34,"column":3}},"line":21},"6":{"name":"(anonymous_6)","decl":{"start":{"line":22,"column":42},"end":{"line":22,"column":43}},"loc":{"start":{"line":22,"column":49},"end":{"line":24,"column":5}},"line":22},"7":{"name":"(anonymous_7)","decl":{"start":{"line":26,"column":20},"end":{"line":26,"column":21}},"loc":{"start":{"line":26,"column":31},"end":{"line":28,"column":5}},"line":26},"8":{"name":"(anonymous_8)","decl":{"start":{"line":30,"column":20},"end":{"line":30,"column":21}},"loc":{"start":{"line":30,"column":31},"end":{"line":33,"column":5}},"line":30},"9":{"name":"randomPiece","decl":{"start":{"line":36,"column":11},"end":{"line":36,"column":22}},"loc":{"start":{"line":36,"column":25},"end":{"line":43,"column":3}},"line":36},"10":{"name":"tryLowerPiece","decl":{"start":{"line":45,"column":11},"end":{"line":45,"column":24}},"loc":{"start":{"line":45,"column":35},"end":{"line":62,"column":3}},"line":45},"11":{"name":"(anonymous_11)","decl":{"start":{"line":47,"column":16},"end":{"line":47,"column":17}},"loc":{"start":{"line":47,"column":26},"end":{"line":47,"column":53}},"line":47},"12":{"name":"(anonymous_12)","decl":{"start":{"line":55,"column":15},"end":{"line":55,"column":16}},"loc":{"start":{"line":55,"column":25},"end":{"line":55,"column":61}},"line":55},"13":{"name":"movePiece","decl":{"start":{"line":64,"column":11},"end":{"line":64,"column":20}},"loc":{"start":{"line":64,"column":51},"end":{"line":98,"column":3}},"line":64},"14":{"name":"(anonymous_14)","decl":{"start":{"line":68,"column":18},"end":{"line":68,"column":19}},"loc":{"start":{"line":68,"column":28},"end":{"line":68,"column":40}},"line":68},"15":{"name":"(anonymous_15)","decl":{"start":{"line":71,"column":17},"end":{"line":71,"column":18}},"loc":{"start":{"line":71,"column":27},"end":{"line":71,"column":63}},"line":71},"16":{"name":"(anonymous_16)","decl":{"start":{"line":79,"column":18},"end":{"line":79,"column":19}},"loc":{"start":{"line":79,"column":28},"end":{"line":79,"column":58}},"line":79},"17":{"name":"(anonymous_17)","decl":{"start":{"line":83,"column":17},"end":{"line":83,"column":18}},"loc":{"start":{"line":83,"column":27},"end":{"line":83,"column":63}},"line":83},"18":{"name":"isOPiece","decl":{"start":{"line":100,"column":11},"end":{"line":100,"column":19}},"loc":{"start":{"line":100,"column":23},"end":{"line":107,"column":3}},"line":100},"19":{"name":"rotatePiece","decl":{"start":{"line":110,"column":11},"end":{"line":110,"column":22}},"loc":{"start":{"line":110,"column":33},"end":{"line":129,"column":3}},"line":110},"20":{"name":"calculateRotation","decl":{"start":{"line":131,"column":11},"end":{"line":131,"column":28}},"loc":{"start":{"line":131,"column":32},"end":{"line":164,"column":3}},"line":131},"21":{"name":"spaceIsOccupied","decl":{"start":{"line":166,"column":11},"end":{"line":166,"column":26}},"loc":{"start":{"line":166,"column":50},"end":{"line":174,"column":3}},"line":166},"22":{"name":"(anonymous_22)","decl":{"start":{"line":168,"column":9},"end":{"line":168,"column":10}},"loc":{"start":{"line":168,"column":19},"end":{"line":172,"column":45}},"line":168},"23":{"name":"checkFullRows","decl":{"start":{"line":176,"column":11},"end":{"line":176,"column":24}},"loc":{"start":{"line":176,"column":32},"end":{"line":193,"column":3}},"line":176},"24":{"name":"addFullRow","decl":{"start":{"line":194,"column":11},"end":{"line":194,"column":21}},"loc":{"start":{"line":194,"column":29},"end":{"line":197,"column":3}},"line":194},"25":{"name":"(anonymous_25)","decl":{"start":{"line":195,"column":43},"end":{"line":195,"column":44}},"loc":{"start":{"line":195,"column":53},"end":{"line":195,"column":69}},"line":195},"26":{"name":"addScore","decl":{"start":{"line":199,"column":11},"end":{"line":199,"column":19}},"loc":{"start":{"line":199,"column":46},"end":{"line":205,"column":3}},"line":199},"27":{"name":"incrementLevelAfter10Clears","decl":{"start":{"line":207,"column":11},"end":{"line":207,"column":38}},"loc":{"start":{"line":207,"column":61},"end":{"line":213,"column":3}},"line":207},"28":{"name":"replaceRows","decl":{"start":{"line":215,"column":11},"end":{"line":215,"column":22}},"loc":{"start":{"line":215,"column":36},"end":{"line":222,"column":3}},"line":215},"29":{"name":"createBoard","decl":{"start":{"line":224,"column":11},"end":{"line":224,"column":22}},"loc":{"start":{"line":224,"column":25},"end":{"line":230,"column":3}},"line":224},"30":{"name":"(anonymous_30)","decl":{"start":{"line":225,"column":55},"end":{"line":225,"column":56}},"loc":{"start":{"line":225,"column":65},"end":{"line":229,"column":5}},"line":225},"31":{"name":"(anonymous_31)","decl":{"start":{"line":226,"column":60},"end":{"line":226,"column":61}},"loc":{"start":{"line":226,"column":70},"end":{"line":228,"column":7}},"line":226},"32":{"name":"createTestBoard","decl":{"start":{"line":232,"column":11},"end":{"line":232,"column":26}},"loc":{"start":{"line":232,"column":29},"end":{"line":248,"column":3}},"line":232},"33":{"name":"(anonymous_33)","decl":{"start":{"line":233,"column":55},"end":{"line":233,"column":56}},"loc":{"start":{"line":233,"column":65},"end":{"line":247,"column":5}},"line":233},"34":{"name":"(anonymous_34)","decl":{"start":{"line":235,"column":62},"end":{"line":235,"column":63}},"loc":{"start":{"line":235,"column":72},"end":{"line":237,"column":9}},"line":235},"35":{"name":"(anonymous_35)","decl":{"start":{"line":239,"column":62},"end":{"line":239,"column":63}},"loc":{"start":{"line":239,"column":72},"end":{"line":245,"column":9}},"line":239},"36":{"name":"moveToLevel","decl":{"start":{"line":250,"column":11},"end":{"line":250,"column":22}},"loc":{"start":{"line":250,"column":30},"end":{"line":253,"column":3}},"line":250},"37":{"name":"calculateFps","decl":{"start":{"line":255,"column":11},"end":{"line":255,"column":23}},"loc":{"start":{"line":255,"column":31},"end":{"line":257,"column":3}},"line":255}},"branchMap":{"0":{"loc":{"start":{"line":40,"column":8},"end":{"line":41,"column":159}},"type":"cond-expr","locations":[{"start":{"line":40,"column":26},"end":{"line":40,"column":45}},{"start":{"line":40,"column":48},"end":{"line":41,"column":159}}],"line":40},"1":{"loc":{"start":{"line":40,"column":48},"end":{"line":41,"column":159}},"type":"cond-expr","locations":[{"start":{"line":40,"column":66},"end":{"line":40,"column":85}},{"start":{"line":40,"column":88},"end":{"line":41,"column":159}}],"line":40},"2":{"loc":{"start":{"line":40,"column":88},"end":{"line":41,"column":159}},"type":"cond-expr","locations":[{"start":{"line":40,"column":106},"end":{"line":40,"column":125}},{"start":{"line":41,"column":8},"end":{"line":41,"column":159}}],"line":40},"3":{"loc":{"start":{"line":41,"column":8},"end":{"line":41,"column":159}},"type":"cond-expr","locations":[{"start":{"line":41,"column":26},"end":{"line":41,"column":51}},{"start":{"line":41,"column":54},"end":{"line":41,"column":159}}],"line":41},"4":{"loc":{"start":{"line":41,"column":54},"end":{"line":41,"column":159}},"type":"cond-expr","locations":[{"start":{"line":41,"column":72},"end":{"line":41,"column":91}},{"start":{"line":41,"column":94},"end":{"line":41,"column":159}}],"line":41},"5":{"loc":{"start":{"line":41,"column":94},"end":{"line":41,"column":159}},"type":"cond-expr","locations":[{"start":{"line":41,"column":112},"end":{"line":41,"column":137}},{"start":{"line":41,"column":140},"end":{"line":41,"column":159}}],"line":41},"6":{"loc":{"start":{"line":47,"column":4},"end":{"line":53,"column":5}},"type":"if","locations":[{"start":{"line":47,"column":4},"end":{"line":53,"column":5}},{"start":{"line":47,"column":4},"end":{"line":53,"column":5}}],"line":47},"7":{"loc":{"start":{"line":55,"column":4},"end":{"line":60,"column":5}},"type":"if","locations":[{"start":{"line":55,"column":4},"end":{"line":60,"column":5}},{"start":{"line":55,"column":4},"end":{"line":60,"column":5}}],"line":55},"8":{"loc":{"start":{"line":64,"column":31},"end":{"line":64,"column":49}},"type":"default-arg","locations":[{"start":{"line":64,"column":43},"end":{"line":64,"column":49}}],"line":64},"9":{"loc":{"start":{"line":65,"column":4},"end":{"line":65,"column":25}},"type":"if","locations":[{"start":{"line":65,"column":4},"end":{"line":65,"column":25}},{"start":{"line":65,"column":4},"end":{"line":65,"column":25}}],"line":65},"10":{"loc":{"start":{"line":66,"column":4},"end":{"line":76,"column":5}},"type":"if","locations":[{"start":{"line":66,"column":4},"end":{"line":76,"column":5}},{"start":{"line":66,"column":4},"end":{"line":76,"column":5}}],"line":66},"11":{"loc":{"start":{"line":68,"column":6},"end":{"line":70,"column":18}},"type":"if","locations":[{"start":{"line":68,"column":6},"end":{"line":70,"column":18}},{"start":{"line":68,"column":6},"end":{"line":70,"column":18}}],"line":68},"12":{"loc":{"start":{"line":71,"column":6},"end":{"line":75,"column":7}},"type":"if","locations":[{"start":{"line":71,"column":6},"end":{"line":75,"column":7}},{"start":{"line":71,"column":6},"end":{"line":75,"column":7}}],"line":71},"13":{"loc":{"start":{"line":77,"column":4},"end":{"line":88,"column":5}},"type":"if","locations":[{"start":{"line":77,"column":4},"end":{"line":88,"column":5}},{"start":{"line":77,"column":4},"end":{"line":88,"column":5}}],"line":77},"14":{"loc":{"start":{"line":79,"column":6},"end":{"line":82,"column":7}},"type":"if","locations":[{"start":{"line":79,"column":6},"end":{"line":82,"column":7}},{"start":{"line":79,"column":6},"end":{"line":82,"column":7}}],"line":79},"15":{"loc":{"start":{"line":83,"column":6},"end":{"line":87,"column":7}},"type":"if","locations":[{"start":{"line":83,"column":6},"end":{"line":87,"column":7}},{"start":{"line":83,"column":6},"end":{"line":87,"column":7}}],"line":83},"16":{"loc":{"start":{"line":89,"column":4},"end":{"line":91,"column":5}},"type":"if","locations":[{"start":{"line":89,"column":4},"end":{"line":91,"column":5}},{"start":{"line":89,"column":4},"end":{"line":91,"column":5}}],"line":89},"17":{"loc":{"start":{"line":93,"column":4},"end":{"line":95,"column":5}},"type":"if","locations":[{"start":{"line":93,"column":4},"end":{"line":95,"column":5}},{"start":{"line":93,"column":4},"end":{"line":95,"column":5}}],"line":93},"18":{"loc":{"start":{"line":102,"column":9},"end":{"line":104,"column":25}},"type":"binary-expr","locations":[{"start":{"line":102,"column":9},"end":{"line":102,"column":25}},{"start":{"line":103,"column":9},"end":{"line":103,"column":25}},{"start":{"line":104,"column":9},"end":{"line":104,"column":25}}],"line":102},"19":{"loc":{"start":{"line":111,"column":4},"end":{"line":111,"column":29}},"type":"if","locations":[{"start":{"line":111,"column":4},"end":{"line":111,"column":29}},{"start":{"line":111,"column":4},"end":{"line":111,"column":29}}],"line":111},"20":{"loc":{"start":{"line":115,"column":6},"end":{"line":124,"column":7}},"type":"if","locations":[{"start":{"line":115,"column":6},"end":{"line":124,"column":7}},{"start":{"line":115,"column":6},"end":{"line":124,"column":7}}],"line":115},"21":{"loc":{"start":{"line":120,"column":10},"end":{"line":120,"column":31}},"type":"if","locations":[{"start":{"line":120,"column":10},"end":{"line":120,"column":31}},{"start":{"line":120,"column":10},"end":{"line":120,"column":31}}],"line":120},"22":{"loc":{"start":{"line":138,"column":6},"end":{"line":138,"column":27}},"type":"if","locations":[{"start":{"line":138,"column":6},"end":{"line":138,"column":27}},{"start":{"line":138,"column":6},"end":{"line":138,"column":27}}],"line":138},"23":{"loc":{"start":{"line":143,"column":6},"end":{"line":161,"column":7}},"type":"if","locations":[{"start":{"line":143,"column":6},"end":{"line":161,"column":7}},{"start":{"line":143,"column":6},"end":{"line":161,"column":7}}],"line":143},"24":{"loc":{"start":{"line":144,"column":30},"end":{"line":144,"column":99}},"type":"cond-expr","locations":[{"start":{"line":144,"column":44},"end":{"line":144,"column":70}},{"start":{"line":144,"column":73},"end":{"line":144,"column":99}}],"line":144},"25":{"loc":{"start":{"line":146,"column":13},"end":{"line":161,"column":7}},"type":"if","locations":[{"start":{"line":146,"column":13},"end":{"line":161,"column":7}},{"start":{"line":146,"column":13},"end":{"line":161,"column":7}}],"line":146},"26":{"loc":{"start":{"line":148,"column":30},"end":{"line":148,"column":99}},"type":"cond-expr","locations":[{"start":{"line":148,"column":44},"end":{"line":148,"column":70}},{"start":{"line":148,"column":73},"end":{"line":148,"column":99}}],"line":148},"27":{"loc":{"start":{"line":149,"column":13},"end":{"line":161,"column":7}},"type":"if","locations":[{"start":{"line":149,"column":13},"end":{"line":161,"column":7}},{"start":{"line":149,"column":13},"end":{"line":161,"column":7}}],"line":149},"28":{"loc":{"start":{"line":149,"column":17},"end":{"line":149,"column":43}},"type":"binary-expr","locations":[{"start":{"line":149,"column":17},"end":{"line":149,"column":28}},{"start":{"line":149,"column":32},"end":{"line":149,"column":43}}],"line":149},"29":{"loc":{"start":{"line":152,"column":13},"end":{"line":161,"column":7}},"type":"if","locations":[{"start":{"line":152,"column":13},"end":{"line":161,"column":7}},{"start":{"line":152,"column":13},"end":{"line":161,"column":7}}],"line":152},"30":{"loc":{"start":{"line":152,"column":17},"end":{"line":152,"column":45}},"type":"binary-expr","locations":[{"start":{"line":152,"column":17},"end":{"line":152,"column":29}},{"start":{"line":152,"column":33},"end":{"line":152,"column":45}}],"line":152},"31":{"loc":{"start":{"line":155,"column":13},"end":{"line":161,"column":7}},"type":"if","locations":[{"start":{"line":155,"column":13},"end":{"line":161,"column":7}},{"start":{"line":155,"column":13},"end":{"line":161,"column":7}}],"line":155},"32":{"loc":{"start":{"line":155,"column":17},"end":{"line":155,"column":44}},"type":"binary-expr","locations":[{"start":{"line":155,"column":17},"end":{"line":155,"column":28}},{"start":{"line":155,"column":32},"end":{"line":155,"column":44}}],"line":155},"33":{"loc":{"start":{"line":158,"column":13},"end":{"line":161,"column":7}},"type":"if","locations":[{"start":{"line":158,"column":13},"end":{"line":161,"column":7}},{"start":{"line":158,"column":13},"end":{"line":161,"column":7}}],"line":158},"34":{"loc":{"start":{"line":158,"column":17},"end":{"line":158,"column":44}},"type":"binary-expr","locations":[{"start":{"line":158,"column":17},"end":{"line":158,"column":29}},{"start":{"line":158,"column":33},"end":{"line":158,"column":44}}],"line":158},"35":{"loc":{"start":{"line":168,"column":19},"end":{"line":172,"column":45}},"type":"binary-expr","locations":[{"start":{"line":168,"column":19},"end":{"line":168,"column":31}},{"start":{"line":169,"column":9},"end":{"line":169,"column":30}},{"start":{"line":170,"column":9},"end":{"line":170,"column":39}},{"start":{"line":171,"column":9},"end":{"line":171,"column":36}},{"start":{"line":172,"column":9},"end":{"line":172,"column":45}}],"line":168},"36":{"loc":{"start":{"line":181,"column":8},"end":{"line":182,"column":27}},"type":"if","locations":[{"start":{"line":181,"column":8},"end":{"line":182,"column":27}},{"start":{"line":181,"column":8},"end":{"line":182,"column":27}}],"line":181},"37":{"loc":{"start":{"line":184,"column":6},"end":{"line":186,"column":7}},"type":"if","locations":[{"start":{"line":184,"column":6},"end":{"line":186,"column":7}},{"start":{"line":184,"column":6},"end":{"line":186,"column":7}}],"line":184},"38":{"loc":{"start":{"line":188,"column":4},"end":{"line":189,"column":39}},"type":"if","locations":[{"start":{"line":188,"column":4},"end":{"line":189,"column":39}},{"start":{"line":188,"column":4},"end":{"line":189,"column":39}}],"line":188},"39":{"loc":{"start":{"line":200,"column":20},"end":{"line":204,"column":9}},"type":"cond-expr","locations":[{"start":{"line":200,"column":39},"end":{"line":200,"column":49}},{"start":{"line":201,"column":8},"end":{"line":204,"column":9}}],"line":200},"40":{"loc":{"start":{"line":201,"column":8},"end":{"line":204,"column":9}},"type":"cond-expr","locations":[{"start":{"line":201,"column":27},"end":{"line":201,"column":38}},{"start":{"line":202,"column":8},"end":{"line":204,"column":9}}],"line":201},"41":{"loc":{"start":{"line":202,"column":8},"end":{"line":204,"column":9}},"type":"cond-expr","locations":[{"start":{"line":202,"column":27},"end":{"line":202,"column":38}},{"start":{"line":203,"column":8},"end":{"line":204,"column":9}}],"line":202},"42":{"loc":{"start":{"line":203,"column":8},"end":{"line":204,"column":9}},"type":"cond-expr","locations":[{"start":{"line":203,"column":27},"end":{"line":203,"column":39}},{"start":{"line":204,"column":8},"end":{"line":204,"column":9}}],"line":203},"43":{"loc":{"start":{"line":208,"column":4},"end":{"line":211,"column":5}},"type":"if","locations":[{"start":{"line":208,"column":4},"end":{"line":211,"column":5}},{"start":{"line":208,"column":4},"end":{"line":211,"column":5}}],"line":208},"44":{"loc":{"start":{"line":234,"column":6},"end":{"line":246,"column":7}},"type":"if","locations":[{"start":{"line":234,"column":6},"end":{"line":246,"column":7}},{"start":{"line":234,"column":6},"end":{"line":246,"column":7}}],"line":234},"45":{"loc":{"start":{"line":240,"column":10},"end":{"line":244,"column":11}},"type":"if","locations":[{"start":{"line":240,"column":10},"end":{"line":244,"column":11}},{"start":{"line":240,"column":10},"end":{"line":244,"column":11}}],"line":240}},"s":{"0":1,"1":21,"2":1,"3":0,"4":1,"5":2,"6":8,"7":1,"8":5,"9":1,"10":0,"11":1,"12":1,"13":1,"14":22,"15":22,"16":22,"17":2,"18":8,"19":1,"20":1,"21":4,"22":1,"23":1,"24":1,"25":4,"26":0,"27":0,"28":0,"29":0,"30":0,"31":1,"32":4,"33":0,"34":4,"35":2,"36":5,"37":1,"38":1,"39":4,"40":2,"41":8,"42":0,"43":0,"44":0,"45":0,"46":4,"47":2,"48":5,"49":1,"50":1,"51":4,"52":2,"53":8,"54":0,"55":0,"56":0,"57":0,"58":4,"59":0,"60":4,"61":0,"62":4,"63":3,"64":3,"65":2,"66":0,"67":2,"68":2,"69":2,"70":1,"71":1,"72":1,"73":1,"74":4,"75":1,"76":3,"77":3,"78":0,"79":1,"80":2,"81":2,"82":2,"83":2,"84":8,"85":2,"86":6,"87":6,"88":6,"89":6,"90":6,"91":2,"92":2,"93":4,"94":4,"95":4,"96":0,"97":0,"98":0,"99":0,"100":0,"101":0,"102":0,"103":0,"104":0,"105":0,"106":0,"107":0,"108":2,"109":2,"110":6,"111":1,"112":1,"113":1,"114":24,"115":24,"116":24,"117":240,"118":210,"119":24,"120":3,"121":1,"122":1,"123":1,"124":1,"125":3,"126":30,"127":3,"128":3,"129":1,"130":1,"131":1,"132":1,"133":1,"134":1,"135":3,"136":3,"137":3,"138":15,"139":360,"140":3600,"141":0,"142":0,"143":0,"144":0,"145":0,"146":0,"147":0,"148":0,"149":1,"150":1,"151":1,"152":1},"f":{"0":1,"1":21,"2":0,"3":2,"4":8,"5":1,"6":5,"7":0,"8":1,"9":22,"10":2,"11":8,"12":4,"13":4,"14":5,"15":8,"16":5,"17":8,"18":3,"19":2,"20":2,"21":2,"22":6,"23":1,"24":3,"25":30,"26":3,"27":1,"28":1,"29":15,"30":360,"31":3600,"32":0,"33":0,"34":0,"35":0,"36":1,"37":1},"b":{"0":[5,17],"1":[2,15],"2":[5,10],"3":[1,9],"4":[4,5],"5":[3,2],"6":[1,1],"7":[0,1],"8":[0],"9":[0,4],"10":[2,2],"11":[1,1],"12":[0,2],"13":[2,2],"14":[1,1],"15":[0,2],"16":[0,4],"17":[0,4],"18":[3,1,1],"19":[0,2],"20":[1,1],"21":[1,3],"22":[2,6],"23":[2,4],"24":[0,2],"25":[4,0],"26":[2,2],"27":[0,0],"28":[0,0],"29":[0,0],"30":[0,0],"31":[0,0],"32":[0,0],"33":[0,0],"34":[0,0],"35":[6,6,6,6,6],"36":[210,30],"37":[3,21],"38":[1,0],"39":[1,2],"40":[1,1],"41":[1,0],"42":[0,0],"43":[1,0],"44":[0,0],"45":[0,0]},"_coverageSchema":"1a1c01bbd47fc00a2c39e90264f33305004495a9","hash":"9aa18b9ebc41f8e95a9d7f365e8f505a8b8c1662"}
,"C:\\Code\\Webdev\\FRONT\\Games\\Tetris\\src\\js\\Logic\\Pieces.js": {"path":"C:\\Code\\Webdev\\FRONT\\Games\\Tetris\\src\\js\\Logic\\Pieces.js","statementMap":{"0":{"start":{"line":5,"column":10},"end":{"line":10,"column":3}},"1":{"start":{"line":14,"column":10},"end":{"line":19,"column":3}},"2":{"start":{"line":23,"column":10},"end":{"line":28,"column":3}},"3":{"start":{"line":32,"column":10},"end":{"line":37,"column":3}},"4":{"start":{"line":41,"column":10},"end":{"line":46,"column":3}},"5":{"start":{"line":50,"column":10},"end":{"line":55,"column":3}},"6":{"start":{"line":59,"column":10},"end":{"line":64,"column":3}}},"fnMap":{},"branchMap":{},"s":{"0":5,"1":1,"2":4,"3":3,"4":5,"5":7,"6":3},"f":{},"b":{},"_coverageSchema":"1a1c01bbd47fc00a2c39e90264f33305004495a9","hash":"a9687d11b4dc9e6c72ab82e5c3bf3472e4e79397"}
,"C:\\Code\\Webdev\\FRONT\\Games\\Tetris\\src\\js\\Logic\\Square.js": {"path":"C:\\Code\\Webdev\\FRONT\\Games\\Tetris\\src\\js\\Logic\\Square.js","statementMap":{"0":{"start":{"line":4,"column":4},"end":{"line":4,"column":14}},"1":{"start":{"line":5,"column":4},"end":{"line":5,"column":14}},"2":{"start":{"line":6,"column":4},"end":{"line":6,"column":32}},"3":{"start":{"line":12,"column":4},"end":{"line":12,"column":27}},"4":{"start":{"line":16,"column":4},"end":{"line":16,"column":26}}},"fnMap":{"0":{"name":"(anonymous_0)","decl":{"start":{"line":3,"column":2},"end":{"line":3,"column":3}},"loc":{"start":{"line":3,"column":40},"end":{"line":7,"column":3}},"line":3},"1":{"name":"(anonymous_1)","decl":{"start":{"line":11,"column":2},"end":{"line":11,"column":3}},"loc":{"start":{"line":11,"column":24},"end":{"line":13,"column":3}},"line":11},"2":{"name":"(anonymous_2)","decl":{"start":{"line":15,"column":2},"end":{"line":15,"column":3}},"loc":{"start":{"line":15,"column":19},"end":{"line":17,"column":3}},"line":15}},"branchMap":{"0":{"loc":{"start":{"line":3,"column":20},"end":{"line":3,"column":38}},"type":"default-arg","locations":[{"start":{"line":3,"column":33},"end":{"line":3,"column":38}}],"line":3}},"s":{"0":3743,"1":3743,"2":3743,"3":0,"4":0},"f":{"0":3743,"1":0,"2":0},"b":{"0":[3630]},"_coverageSchema":"1a1c01bbd47fc00a2c39e90264f33305004495a9","hash":"0f8107d48f33b9e9e235d74e6eae125264100d66"}
}
