TN:
SF:src\config\prod.js
FNF:0
FNH:0
LF:0
LH:0
BRF:0
BRH:0
end_of_record
TN:
SF:src\js\Logic\Logic.js
FN:6,(anonymous_0)
FN:7,(anonymous_1)
FN:11,(anonymous_2)
FN:15,(anonymous_3)
FN:16,(anonymous_4)
FN:21,PieceStack
FN:22,(anonymous_6)
FN:26,(anonymous_7)
FN:30,(anonymous_8)
FN:36,randomPiece
FN:45,tryLowerPiece
FN:47,(anonymous_11)
FN:55,(anonymous_12)
FN:64,movePiece
FN:68,(anonymous_14)
FN:71,(anonymous_15)
FN:79,(anonymous_16)
FN:83,(anonymous_17)
FN:100,isOPiece
FN:110,rotatePiece
FN:131,calculateRotation
FN:166,spaceIsOccupied
FN:168,(anonymous_22)
FN:176,checkFullRows
FN:194,addFullRow
FN:195,(anonymous_25)
FN:199,addScore
FN:207,incrementLevelAfter10Clears
FN:215,replaceRows
FN:224,createBoard
FN:225,(anonymous_30)
FN:226,(anonymous_31)
FN:232,createTestBoard
FN:233,(anonymous_33)
FN:235,(anonymous_34)
FN:239,(anonymous_35)
FN:250,moveToLevel
FN:255,calculateFps
FNF:38
FNH:32
FNDA:1,(anonymous_0)
FNDA:21,(anonymous_1)
FNDA:0,(anonymous_2)
FNDA:2,(anonymous_3)
FNDA:8,(anonymous_4)
FNDA:1,PieceStack
FNDA:5,(anonymous_6)
FNDA:0,(anonymous_7)
FNDA:1,(anonymous_8)
FNDA:22,randomPiece
FNDA:2,tryLowerPiece
FNDA:8,(anonymous_11)
FNDA:4,(anonymous_12)
FNDA:4,movePiece
FNDA:5,(anonymous_14)
FNDA:8,(anonymous_15)
FNDA:5,(anonymous_16)
FNDA:8,(anonymous_17)
FNDA:3,isOPiece
FNDA:2,rotatePiece
FNDA:2,calculateRotation
FNDA:2,spaceIsOccupied
FNDA:6,(anonymous_22)
FNDA:1,checkFullRows
FNDA:3,addFullRow
FNDA:30,(anonymous_25)
FNDA:3,addScore
FNDA:1,incrementLevelAfter10Clears
FNDA:1,replaceRows
FNDA:15,createBoard
FNDA:360,(anonymous_30)
FNDA:3600,(anonymous_31)
FNDA:0,createTestBoard
FNDA:0,(anonymous_33)
FNDA:0,(anonymous_34)
FNDA:0,(anonymous_35)
FNDA:1,moveToLevel
FNDA:1,calculateFps
DA:7,1
DA:8,21
DA:11,1
DA:12,0
DA:15,1
DA:16,2
DA:17,8
DA:22,1
DA:23,5
DA:26,1
DA:27,0
DA:30,1
DA:31,1
DA:32,1
DA:37,22
DA:38,22
DA:39,22
DA:47,8
DA:48,1
DA:49,4
DA:51,1
DA:52,1
DA:55,4
DA:56,0
DA:57,0
DA:58,0
DA:59,0
DA:61,1
DA:65,4
DA:66,4
DA:68,5
DA:69,1
DA:70,4
DA:71,8
DA:72,0
DA:73,0
DA:74,0
DA:77,4
DA:79,5
DA:80,1
DA:81,4
DA:83,8
DA:84,0
DA:85,0
DA:86,0
DA:89,4
DA:90,0
DA:93,4
DA:94,0
DA:97,4
DA:102,3
DA:106,3
DA:111,2
DA:113,2
DA:114,2
DA:115,2
DA:116,1
DA:117,1
DA:119,1
DA:120,4
DA:121,3
DA:122,3
DA:126,0
DA:128,1
DA:132,2
DA:136,2
DA:137,2
DA:138,8
DA:139,6
DA:140,6
DA:141,6
DA:142,6
DA:143,6
DA:144,2
DA:145,2
DA:146,4
DA:147,4
DA:148,4
DA:149,0
DA:150,0
DA:151,0
DA:152,0
DA:153,0
DA:154,0
DA:155,0
DA:156,0
DA:157,0
DA:158,0
DA:159,0
DA:160,0
DA:163,2
DA:167,2
DA:168,6
DA:177,1
DA:178,1
DA:179,24
DA:180,24
DA:181,240
DA:182,210
DA:184,24
DA:185,3
DA:188,1
DA:189,1
DA:190,1
DA:191,1
DA:195,30
DA:196,3
DA:200,3
DA:208,1
DA:209,1
DA:210,1
DA:212,1
DA:216,1
DA:217,1
DA:218,3
DA:219,3
DA:220,3
DA:225,15
DA:226,360
DA:227,3600
DA:233,0
DA:234,0
DA:235,0
DA:236,0
DA:239,0
DA:240,0
DA:241,0
DA:243,0
DA:251,1
DA:252,1
DA:256,1
DA:259,1
LF:132
LH:97
BRDA:40,0,0,2
BRDA:40,0,1,20
BRDA:40,1,0,3
BRDA:40,1,1,17
BRDA:40,2,0,2
BRDA:40,2,1,15
BRDA:41,3,0,3
BRDA:41,3,1,12
BRDA:41,4,0,1
BRDA:41,4,1,11
BRDA:41,5,0,2
BRDA:41,5,1,9
BRDA:47,6,0,1
BRDA:47,6,1,1
BRDA:55,7,0,0
BRDA:55,7,1,1
BRDA:64,8,0,0
BRDA:65,9,0,0
BRDA:65,9,1,4
BRDA:66,10,0,2
BRDA:66,10,1,2
BRDA:68,11,0,1
BRDA:68,11,1,1
BRDA:71,12,0,0
BRDA:71,12,1,2
BRDA:77,13,0,2
BRDA:77,13,1,2
BRDA:79,14,0,1
BRDA:79,14,1,1
BRDA:83,15,0,0
BRDA:83,15,1,2
BRDA:89,16,0,0
BRDA:89,16,1,4
BRDA:93,17,0,0
BRDA:93,17,1,4
BRDA:102,18,0,3
BRDA:102,18,1,1
BRDA:102,18,2,1
BRDA:111,19,0,0
BRDA:111,19,1,2
BRDA:115,20,0,1
BRDA:115,20,1,1
BRDA:120,21,0,1
BRDA:120,21,1,3
BRDA:138,22,0,2
BRDA:138,22,1,6
BRDA:143,23,0,2
BRDA:143,23,1,4
BRDA:144,24,0,0
BRDA:144,24,1,2
BRDA:146,25,0,4
BRDA:146,25,1,0
BRDA:148,26,0,2
BRDA:148,26,1,2
BRDA:149,27,0,0
BRDA:149,27,1,0
BRDA:149,28,0,0
BRDA:149,28,1,0
BRDA:152,29,0,0
BRDA:152,29,1,0
BRDA:152,30,0,0
BRDA:152,30,1,0
BRDA:155,31,0,0
BRDA:155,31,1,0
BRDA:155,32,0,0
BRDA:155,32,1,0
BRDA:158,33,0,0
BRDA:158,33,1,0
BRDA:158,34,0,0
BRDA:158,34,1,0
BRDA:168,35,0,6
BRDA:168,35,1,6
BRDA:168,35,2,6
BRDA:168,35,3,6
BRDA:168,35,4,6
BRDA:181,36,0,210
BRDA:181,36,1,30
BRDA:184,37,0,3
BRDA:184,37,1,21
BRDA:188,38,0,1
BRDA:188,38,1,0
BRDA:200,39,0,1
BRDA:200,39,1,2
BRDA:201,40,0,1
BRDA:201,40,1,1
BRDA:202,41,0,1
BRDA:202,41,1,0
BRDA:203,42,0,0
BRDA:203,42,1,0
BRDA:208,43,0,1
BRDA:208,43,1,0
BRDA:234,44,0,0
BRDA:234,44,1,0
BRDA:240,45,0,0
BRDA:240,45,1,0
BRF:95
BRH:60
end_of_record
TN:
SF:src\js\Logic\Pieces.js
FNF:0
FNH:0
DA:5,2
DA:14,3
DA:23,1
DA:32,2
DA:41,12
DA:50,4
DA:59,4
LF:7
LH:7
BRF:0
BRH:0
end_of_record
TN:
SF:src\js\Logic\Square.js
FN:3,(anonymous_0)
FN:11,(anonymous_1)
FN:15,(anonymous_2)
FNF:3
FNH:1
FNDA:3743,(anonymous_0)
FNDA:0,(anonymous_1)
FNDA:0,(anonymous_2)
DA:4,3743
DA:5,3743
DA:6,3743
DA:12,0
DA:16,0
LF:5
LH:3
BRDA:3,0,0,3630
BRF:1
BRH:1
end_of_record
